android/app/build/outputs/mapping/release/seeds.txt
com.example.agro_smart_tech.MainActivity
com.example.agro_smart_tech.MainActivity: MainActivity()
...
io.flutter.embedding.engine.FlutterJNI: io.flutter.plugin.platform.PlatformViewsController2 platformViewsController2
com.google.android.recaptcha.internal.zzmu: com.google.android.recaptcha.internal.zzmu[] zzaa
com.google.android.gms.internal.firebase-auth-api.zzacy: java.lang.String zzw
com.google.android.gms.internal.firebase-auth-api.zzdm: com.google.android.gms.internal.firebase-auth-api.zzbh zzb
com.google.android.gms.internal.fido.zzay: int zzb
com.google.android.gms.internal.firebase-auth-api.zzabs: java.lang.String zzc
com.google.android.gms.internal.firebase-auth-api.zzn: java.util.regex.Matcher zza
com.google.android.gms.internal.firebase-auth-api.zzaoj: com.google.android.gms.internal.firebase-auth-api.zzaoj zze
com.google.android.gms.internal.firebase-auth-api.zzyw: com.google.android.gms.internal.firebase-auth-api.zzsq zzd
com.google.android.play.core.integrity.aq: java.lang.String a
com.google.android.gms.internal.firebase-auth-api.zzamy: com.google.android.gms.internal.firebase-auth-api.zzamy[] zzd
com.google.android.gms.internal.firebase-auth-api.zzti: com.google.android.gms.internal.firebase-auth-api.zzamv zzd
com.google.android.recaptcha.RecaptchaErrorCode: com.google.android.recaptcha.RecaptchaErrorCode UNKNOWN_ERROR
com.google.android.gms.internal.firebase-auth-api.zzalx: int zzc
com.google.android.gms.tasks.zzf: java.util.concurrent.Executor zza
com.google.android.gms.internal.auth.zzgf: java.lang.Object[] zzb
com.google.android.gms.internal.auth.zzds: com.google.android.gms.internal.auth.zzek zzd
com.google.android.gms.internal.firebase-auth-api.zzwo: int zze
com.google.android.recaptcha.internal.zztv: com.google.android.recaptcha.internal.zztv zzj
com.google.android.gms.internal.auth.zzc: java.lang.ClassLoader zza
com.google.firestore.admin.v1.Index: com.google.protobuf.Parser PARSER
com.google.android.gms.internal.firebase-auth-api.zzzj: com.google.android.gms.internal.firebase-auth-api.zzzj zza
com.google.android.gms.internal.auth.zzcb: android.net.Uri zzb
com.google.android.recaptcha.internal.zzqi: com.google.android.recaptcha.internal.zzqi zzb
com.google.android.recaptcha.internal.zzen: int zzk
com.google.android.gms.internal.firebase-auth-api.zzahe: java.lang.String zzc
com.google.android.gms.internal.firebase-auth-api.zzaht: java.lang.String zzc
com.google.android.recaptcha.internal.zzsx: int zze
com.google.android.gms.internal.auth.zzcy: com.google.android.gms.internal.auth.zzhu zza
com.google.android.gms.internal.firebase-auth-api.zzajg: java.lang.String zzc
com.google.android.gms.internal.fido.zzch: com.google.android.gms.internal.fido.zzch zze
com.google.android.gms.internal.auth.zzab: com.google.android.gms.common.logging.Logger zzd
com.google.android.gms.internal.firebase-auth-api.zzkg$zze: java.lang.String zzd
com.google.android.gms.internal.firebase-auth-api.zzwe: com.google.android.gms.internal.firebase-auth-api.zzwe zzc
com.google.firestore.admin.v1.Index: int QUERY_SCOPE_FIELD_NUMBER
com.google.android.gms.internal.fido.zzaz: int zzd
com.google.android.gms.internal.firebase-auth-api.zzags: java.lang.String zzc
com.google.android.gms.tasks.zzy: com.google.android.gms.tasks.TaskCompletionSource zzb
com.google.android.gms.internal.firebase-auth-api.zzra: com.google.android.gms.internal.firebase-auth-api.zzrh zza
com.google.android.recaptcha.internal.zzbl: com.google.android.recaptcha.internal.zzbl zzf
com.google.android.gms.internal.firebase-auth-api.zzabt: com.google.android.gms.internal.firebase-auth-api.zzaio zza
com.google.firestore.v1.StructuredQuery$FieldFilter: com.google.firestore.v1.StructuredQuery$FieldReference field_
com.google.android.gms.internal.auth.zzcb: android.net.Uri zza
com.google.android.recaptcha.internal.zzio: java.lang.String zzf
com.google.android.gms.fido.fido2.api.common.zzai: android.os.Parcelable$Creator CREATOR
androidx.datastore.preferences.PreferencesProto$Value: int INTEGER_FIELD_NUMBER
com.google.android.gms.internal.auth.zzds: java.lang.Object zzc