android/app/build/outputs/mapping/release/usage.txt
com.example.agro_smart_tech.R$drawable
com.example.agro_smart_tech.R$mipmap
com.example.agro_smart_tech.R$string
com.example.agro_smart_tech.R$style
com.example.agro_smart_tech.R
...
kotlinx.coroutines.internal.ThreadContextKt$$InternalSyntheticThrowCCEIfNotNull$316$7c661674ba55b64cfe60deef36cf7e9a62bb95fc2a8f0b63be336db8c26a2201$0
kotlinx.coroutines.internal.ThreadLocalKt
kotlinx.coroutines.internal.ThreadSafeHeap:
    public final kotlinx.coroutines.EventLoopImplBase$DelayedTask firstImpl()
    public static int getSize()
    public final boolean isEmpty()
    public final kotlinx.coroutines.EventLoopImplBase$DelayedTask peek()
    public static boolean remove()
    public static kotlinx.coroutines.EventLoopImplBase$DelayedTask removeFirstOrNull()
    public final void setSize(int)
kotlinx.coroutines.internal.ThreadSafeHeapNode
kotlinx.coroutines.internal.ThreadState:
    public final kotlin.coroutines.CoroutineContext context
    public int i
    public static void append()
    public static void restore()
kotlinx.coroutines.internal.UndeliveredElementException
kotlinx.coroutines.internal.WeakMapCtorCache
kotlinx.coroutines.intrinsics.CancellableKt
kotlinx.coroutines.scheduling.CoroutineScheduler$Companion
kotlinx.coroutines.scheduling.CoroutineScheduler$WhenMappings
kotlinx.coroutines.scheduling.CoroutineScheduler$Worker:
    public final boolean inStack()
kotlinx.coroutines.scheduling.CoroutineScheduler$WorkerState:
    public static final synthetic kotlin.enums.EnumEntries $ENTRIES
kotlinx.coroutines.scheduling.CoroutineScheduler:
    public static final kotlinx.coroutines.scheduling.CoroutineScheduler$Companion Companion
    public static kotlinx.coroutines.scheduling.Task createTask()
    public final kotlinx.coroutines.scheduling.CoroutineScheduler$Worker currentWorker()
    public static synthetic void dispatch$default(kotlinx.coroutines.scheduling.CoroutineScheduler,java.lang.Runnable)
    public final boolean isTerminated()
    public static int parkedWorkersStackNextIndex(kotlinx.coroutines.scheduling.CoroutineScheduler$Worker)
    public static boolean parkedWorkersStackPush()
    public static void runSafely(kotlinx.coroutines.scheduling.Task)
    public static void shutdown()
    public final void signalCpuWork()
kotlinx.coroutines.scheduling.DefaultIoScheduler:
    public final kotlinx.coroutines.CoroutineDispatcher limitedParallelism(int,java.lang.String)
kotlinx.coroutines.scheduling.DefaultScheduler:
    public final kotlinx.coroutines.CoroutineDispatcher limitedParallelism(int,java.lang.String)
kotlinx.coroutines.scheduling.NanoTimeSource:
    public final long nanoTime()
kotlinx.coroutines.scheduling.SchedulerCoroutineDispatcher:
    public final int corePoolSize
    public final long idleWorkerKeepAliveNs
    public final int maxPoolSize
    public final java.lang.String schedulerName
    public abstract void dispatchWithContext$kotlinx_coroutines_core()
kotlinx.coroutines.scheduling.SchedulerTimeSource:
    public abstract long nanoTime()
kotlinx.coroutines.scheduling.WorkQueue$$InternalSyntheticBackportWithForwarding$1$9363abb24a3ff4b9253e4bebc27f259c727057e4b296b6c47458b0f68b64948d$0
kotlinx.coroutines.scheduling.WorkQueue$$InternalSyntheticBackportWithForwarding$1$a00ca567711852944231a48d98b96d3fb9a77bf9c832d09eb2cea01c2b0c62f1$0
kotlinx.coroutines.scheduling.WorkQueue$$InternalSyntheticBackportWithForwarding$1$a9a47cdc35bd15ccaf311d9c792b9c6f272bae9743e62ca165a38ddc99be967e$0
kotlinx.coroutines.scheduling.WorkQueue:
    public static kotlinx.coroutines.scheduling.Task add()
    public final int getBufferSize()
    public static int getSize$kotlinx_coroutines_core()
    public static void offloadAllWorkTo()
    public static kotlinx.coroutines.scheduling.Task poll()
    public static kotlinx.coroutines.scheduling.Task pollBlocking()
    public static long trySteal()
kotlinx.coroutines.selects.SelectClause0Impl:
    public final kotlinx.coroutines.JobSupport clauseObject
    public final kotlin.jvm.functions.Function3 onCancellationConstructor
    public final kotlin.jvm.functions.Function3 processResFunc
    public final kotlin.jvm.functions.Function3 regFunc